C51 COMPILER V9.01   8X8LATTICE                                                            07/31/2020 21:23:28 PAGE 1   


C51 COMPILER V9.01, COMPILATION OF MODULE 8X8LATTICE
OBJECT MODULE PLACED IN 8x8lattice.OBJ
COMPILER INVOKED BY: C:\Keil\C51\BIN\C51.EXE 8x8lattice.c BROWSE DEBUG OBJECTEXTEND

line level    source

   1          #include "8x8lattice.h"
   2          /*
   3          void hc595Write(unsigned char writeVal)
   4          {
   5                  unsigned char i;
   6                  ST_CP=0;
   7                  for(i=0; i<8; i++)
   8                  {
   9                          SH_CP=0;
  10                          DS=((writeVal<<i)&0x80)?1:0;
  11                          SH_CP=1;
  12                  }
  13                  ST_CP=1;
  14          }*/
  15          
  16          void hc595Write(unsigned char dat)
  17          {
  18   1              unsigned char a;
  19   1              SRCLK=0;
  20   1              reRCLK=0;
  21   1              for(a=0;a<8;a++)
  22   1              {
  23   2                      SER=dat>>7;
  24   2                      dat<<=1;
  25   2      
  26   2                      SRCLK=1;
  27   2                      _nop_();
  28   2                      _nop_();
  29   2                      SRCLK=0;        
  30   2              }
  31   1      
  32   1              reRCLK=1;
  33   1              _nop_();
  34   1              _nop_();
  35   1              reRCLK=0;
  36   1      }
  37          
  38          //--定义要使用的IO口--//
  39          #define COMMONPORTS             P0
  40          
  41          //--列选通控制--//
  42          unsigned char code TAB[8]  = {0x7f,0xbf,0xdf,0xef,0xf7,0xfb,0xfd,0xfe};
  43          
  44          void hc238Write(unsigned char writeVal)
  45          {
  46   1              COMMONPORTS     = TAB[writeVal];
  47   1              /*switch(writeVal)
  48   1              {
  49   1                      case 0: hc238EN=1;hc238A=0;hc238B=0;hc238C=0;break;
  50   1                      case 1: hc238EN=1;hc238A=1;hc238B=0;hc238C=0;break;
  51   1                      case 2: hc238EN=1;hc238A=0;hc238B=1;hc238C=0;break;
  52   1                      case 3: hc238EN=1;hc238A=1;hc238B=1;hc238C=0;break;
  53   1                      case 4: hc238EN=1;hc238A=0;hc238B=0;hc238C=1;break;
  54   1                      case 5: hc238EN=1;hc238A=1;hc238B=0;hc238C=1;break;
  55   1                      case 6: hc238EN=1;hc238A=0;hc238B=1;hc238C=1;break;
C51 COMPILER V9.01   8X8LATTICE                                                            07/31/2020 21:23:28 PAGE 2   

  56   1                      case 7: hc238EN=1;hc238A=1;hc238B=1;hc238C=1;break;
  57   1                      default: hc238EN=0; break;      
  58   1              }*/
  59   1      
  60   1      }
  61          
  62          void drawPoint(unsigned char x, unsigned char y)
  63          {       
  64   1              hc238Write(y);
  65   1              hc595Write(0x00);
  66   1              hc595Write((1<<x));
  67   1              
  68   1              
  69   1      }
  70          
  71          void scanDisplay(unsigned char *pbuff)
  72          {
  73   1              unsigned char i=0;
  74   1              hc595Write(0x00);
  75   1              for(i=0; i<8; i++)
  76   1              {       
  77   2                      hc238Write(i);
  78   2                      hc595Write(pbuff[i]);
  79   2                      
  80   2                      hc595Write(0x00);
  81   2              }
  82   1      }
  83          
  84          


MODULE INFORMATION:   STATIC OVERLAYABLE
   CODE SIZE        =    122    ----
   CONSTANT SIZE    =      8    ----
   XDATA SIZE       =   ----    ----
   PDATA SIZE       =   ----    ----
   DATA SIZE        =   ----       3
   IDATA SIZE       =   ----    ----
   BIT SIZE         =   ----    ----
END OF MODULE INFORMATION.


C51 COMPILATION COMPLETE.  0 WARNING(S),  0 ERROR(S)
