C51 COMPILER V9.01   INTERRUPT                                                             07/31/2020 21:23:29 PAGE 1   


C51 COMPILER V9.01, COMPILATION OF MODULE INTERRUPT
OBJECT MODULE PLACED IN interrupt.OBJ
COMPILER INVOKED BY: C:\Keil\C51\BIN\C51.EXE interrupt.c BROWSE DEBUG OBJECTEXTEND

line level    source

   1          #include "config.h"
   2          
   3          extern unsigned char tCount;    //来源于snake.c文件
   4          extern unsigned char keyValue;  //来源于snake.c文件
   5                     
   6          
   7          //******定时器0初始化*************//
   8          void initTimer0()
   9          {
  10   1              TMOD |= 0x01;
  11   1              TL0 = TIMER;
  12   1              TH0 = TIMER>>8;
  13   1              TR0 = 1;
  14   1              ET0 = 1;
  15   1              EA = 1;
  16   1      }
  17          
  18          //******定时器0中断服务处理*************//
  19          
  20          
  21          
  22          void timer0Handle() interrupt 1
  23          {       // 20ms中断
  24   1      
  25   1      
  26   1      
  27   1              TL0 = TIMER;
  28   1              TH0 = TIMER>>8;
  29   1              keyValue=scanKey();
  30   1              tCount++;
  31   1              
  32   1      }


MODULE INFORMATION:   STATIC OVERLAYABLE
   CODE SIZE        =     85    ----
   CONSTANT SIZE    =   ----    ----
   XDATA SIZE       =   ----    ----
   PDATA SIZE       =   ----    ----
   DATA SIZE        =   ----    ----
   IDATA SIZE       =   ----    ----
   BIT SIZE         =   ----    ----
END OF MODULE INFORMATION.


C51 COMPILATION COMPLETE.  0 WARNING(S),  0 ERROR(S)
