C51 COMPILER V9.01   MAIN                                                                  07/31/2020 21:23:30 PAGE 1   


C51 COMPILER V9.01, COMPILATION OF MODULE MAIN
OBJECT MODULE PLACED IN main.OBJ
COMPILER INVOKED BY: C:\Keil\C51\BIN\C51.EXE main.c BROWSE DEBUG OBJECTEXTEND

line level    source

   1          #include "config.h"
   2          
   3          
   4          
   5          //*********Ö÷º¯Êý*************//
   6          void main()
   7          {
   8   1              TMOD&=0x0f;   
   9   1                        TMOD|=0x01;   
  10   1                        TH0=0xd8;TL0=0xef;   
  11   1                        IE=0x82;
  12   1              initTimer0();   
  13   1              while(1){
  14   2                      startSnake();
  15   2              }
  16   1      }


MODULE INFORMATION:   STATIC OVERLAYABLE
   CODE SIZE        =     23    ----
   CONSTANT SIZE    =   ----    ----
   XDATA SIZE       =   ----    ----
   PDATA SIZE       =   ----    ----
   DATA SIZE        =   ----    ----
   IDATA SIZE       =   ----    ----
   BIT SIZE         =   ----    ----
END OF MODULE INFORMATION.


C51 COMPILATION COMPLETE.  0 WARNING(S),  0 ERROR(S)
